<?xml version="1.0" encoding="UTF-8"?>
<!-- Generated by org.testng.reporters.JUnitReportReporter -->
<testsuite hostname="GGNS1LTW67B" name="sel.Sel" tests="1" failures="0" timestamp="25 Sep 2018 10:20:34 GMT" time="0.015" errors="0">
  <testcase name="addtest" time="0.015" classname="sel.Sel"/>
</testsuite> <!-- sel.Sel -->
